2023-05-13 21:05:443 INFO  LoginPage :41 - Enter username standard_user to username field [[ChromeDriver: chrome on WINDOWS (9b7f07fa33e9139fb65b958a9d5d927a)] -> id: user-name]
2023-05-13 21:05:597 INFO  LoginPage :46 - Enter password secret_sauce to password field [[ChromeDriver: chrome on WINDOWS (9b7f07fa33e9139fb65b958a9d5d927a)] -> id: password]
2023-05-13 21:05:724 INFO  LoginPage :51 - Clicking on Login Button [[ChromeDriver: chrome on WINDOWS (9b7f07fa33e9139fb65b958a9d5d927a)] -> id: login-button]
2023-05-13 21:05:873 INFO  LoginPage :62 - Get text from product title
2023-05-13 21:05:967 INFO  LoginPage :41 - Enter username standard_user to username field [[ChromeDriver: chrome on WINDOWS (25883cf7799d00ebffc81c96c66ac225)] -> id: user-name]
2023-05-13 21:05:110 INFO  LoginPage :46 - Enter password secret_sauce to password field [[ChromeDriver: chrome on WINDOWS (25883cf7799d00ebffc81c96c66ac225)] -> id: password]
2023-05-13 21:05:223 INFO  LoginPage :51 - Clicking on Login Button [[ChromeDriver: chrome on WINDOWS (25883cf7799d00ebffc81c96c66ac225)] -> id: login-button]
2023-05-13 21:05:358 INFO  LoginPage :62 - Get text from product title
2023-05-13 21:05:13 INFO  LoginPage :41 - Enter username standard_user to username field [[ChromeDriver: chrome on WINDOWS (81744598a2dcabe89f89b80e1957b889)] -> id: user-name]
2023-05-13 21:05:141 INFO  LoginPage :46 - Enter password secret_sauce to password field [[ChromeDriver: chrome on WINDOWS (81744598a2dcabe89f89b80e1957b889)] -> id: password]
2023-05-13 21:05:229 INFO  LoginPage :51 - Clicking on Login Button [[ChromeDriver: chrome on WINDOWS (81744598a2dcabe89f89b80e1957b889)] -> id: login-button]
2023-05-13 21:05:345 INFO  LoginPage :67 - Count Total no of products
2023-05-13 21:05:190 INFO  LoginPage :41 - Enter username standard_user to username field [[ChromeDriver: chrome on WINDOWS (167537fc2f30edfb670a093a906415fd)] -> id: user-name]
2023-05-13 21:05:360 INFO  LoginPage :46 - Enter password secret_sauce to password field [[ChromeDriver: chrome on WINDOWS (167537fc2f30edfb670a093a906415fd)] -> id: password]
2023-05-13 21:05:483 INFO  LoginPage :51 - Clicking on Login Button [[ChromeDriver: chrome on WINDOWS (167537fc2f30edfb670a093a906415fd)] -> id: login-button]
2023-05-13 21:05:630 INFO  LoginPage :67 - Count Total no of products
2023-05-13 21:05:140 INFO  LoginPage :41 - Enter username standard_user to username field [[ChromeDriver: chrome on WINDOWS (d16c50771c367e8cb02b3432cf426724)] -> id: user-name]
2023-05-13 21:05:331 INFO  LoginPage :46 - Enter password secret_sauce to password field [[ChromeDriver: chrome on WINDOWS (d16c50771c367e8cb02b3432cf426724)] -> id: password]
2023-05-13 21:05:458 INFO  LoginPage :51 - Clicking on Login Button [[ChromeDriver: chrome on WINDOWS (d16c50771c367e8cb02b3432cf426724)] -> id: login-button]
2023-05-13 21:05:625 INFO  LoginPage :62 - Get text from product title
2023-05-13 21:05:418 INFO  LoginPage :41 - Enter username standard_user to username field [[ChromeDriver: chrome on WINDOWS (5416f16844b223deb17f92dd6719c24d)] -> id: user-name]
2023-05-13 21:05:608 INFO  LoginPage :46 - Enter password secret_sauce to password field [[ChromeDriver: chrome on WINDOWS (5416f16844b223deb17f92dd6719c24d)] -> id: password]
2023-05-13 21:05:705 INFO  LoginPage :51 - Clicking on Login Button [[ChromeDriver: chrome on WINDOWS (5416f16844b223deb17f92dd6719c24d)] -> id: login-button]
2023-05-13 21:05:817 INFO  LoginPage :67 - Count Total no of products
2023-05-13 21:05:601 INFO  LoginPage :41 - Enter username standard_user to username field [[ChromeDriver: chrome on WINDOWS (4d6273efa349220782b4de22e4c68941)] -> id: user-name]
2023-05-13 21:05:785 INFO  LoginPage :46 - Enter password secret_sauce to password field [[ChromeDriver: chrome on WINDOWS (4d6273efa349220782b4de22e4c68941)] -> id: password]
2023-05-13 21:05:945 INFO  LoginPage :51 - Clicking on Login Button [[ChromeDriver: chrome on WINDOWS (4d6273efa349220782b4de22e4c68941)] -> id: login-button]
2023-05-13 21:05:255 INFO  LoginPage :67 - Count Total no of products
2023-05-13 21:05:150 INFO  LoginPage :41 - Enter username standard_user to username field [[ChromeDriver: chrome on WINDOWS (350781e95979b0abfe92539bbe049be2)] -> id: user-name]
2023-05-13 21:05:628 INFO  LoginPage :46 - Enter password secret_sauce to password field [[ChromeDriver: chrome on WINDOWS (350781e95979b0abfe92539bbe049be2)] -> id: password]
2023-05-13 21:05:769 INFO  LoginPage :51 - Clicking on Login Button [[ChromeDriver: chrome on WINDOWS (350781e95979b0abfe92539bbe049be2)] -> id: login-button]
2023-05-13 21:05:926 INFO  LoginPage :67 - Count Total no of products
2023-05-13 21:05:270 INFO  LoginPage :41 - Enter username standard_user to username field [[ChromeDriver: chrome on WINDOWS (e9fd31ac2253394cead683f28d8b838b)] -> id: user-name]
2023-05-13 21:05:480 INFO  LoginPage :46 - Enter password secret_sauce to password field [[ChromeDriver: chrome on WINDOWS (e9fd31ac2253394cead683f28d8b838b)] -> id: password]
2023-05-13 21:05:615 INFO  LoginPage :51 - Clicking on Login Button [[ChromeDriver: chrome on WINDOWS (e9fd31ac2253394cead683f28d8b838b)] -> id: login-button]
2023-05-13 21:05:811 INFO  LoginPage :62 - Get text from product title
2023-05-13 21:05:350 INFO  LoginPage :41 - Enter username standard_user to username field [[ChromeDriver: chrome on WINDOWS (5080e22021bc2c072589286102f07bfa)] -> id: user-name]
2023-05-13 21:05:670 INFO  LoginPage :46 - Enter password secret_sauce to password field [[ChromeDriver: chrome on WINDOWS (5080e22021bc2c072589286102f07bfa)] -> id: password]
2023-05-13 21:05:806 INFO  LoginPage :51 - Clicking on Login Button [[ChromeDriver: chrome on WINDOWS (5080e22021bc2c072589286102f07bfa)] -> id: login-button]
2023-05-13 21:05:955 INFO  LoginPage :67 - Count Total no of products
2023-05-13 22:05:828 INFO  LoginPage :40 - Enter username standard_user to username field [[ChromeDriver: chrome on WINDOWS (fdea292ece42f47c678fe2df22715522)] -> id: user-name]
2023-05-13 22:05:20 INFO  LoginPage :45 - Enter password secret_sauce to password field [[ChromeDriver: chrome on WINDOWS (fdea292ece42f47c678fe2df22715522)] -> id: password]
2023-05-13 22:05:139 INFO  LoginPage :50 - Clicking on Login Button [[ChromeDriver: chrome on WINDOWS (fdea292ece42f47c678fe2df22715522)] -> id: login-button]
2023-05-13 22:05:317 INFO  LoginPage :66 - Count Total no of products
2023-05-13 22:05:125 INFO  LoginPage :40 - Enter username standard_user to username field [[ChromeDriver: chrome on WINDOWS (77e72d52c1477641d2fa97047a2cee2c)] -> id: user-name]
2023-05-13 22:05:367 INFO  LoginPage :45 - Enter password secret_sauce to password field [[ChromeDriver: chrome on WINDOWS (77e72d52c1477641d2fa97047a2cee2c)] -> id: password]
2023-05-13 22:05:485 INFO  LoginPage :50 - Clicking on Login Button [[ChromeDriver: chrome on WINDOWS (77e72d52c1477641d2fa97047a2cee2c)] -> id: login-button]
2023-05-13 22:05:677 INFO  LoginPage :61 - Get text from product title
2023-05-13 22:05:791 INFO  LoginPage :40 - Enter username standard_user to username field [[ChromeDriver: chrome on WINDOWS (daf54120fdbe29abe1caefac86b43676)] -> id: user-name]
2023-05-13 22:05:994 INFO  LoginPage :45 - Enter password secret_sauce to password field [[ChromeDriver: chrome on WINDOWS (daf54120fdbe29abe1caefac86b43676)] -> id: password]
2023-05-13 22:05:265 INFO  LoginPage :50 - Clicking on Login Button [[ChromeDriver: chrome on WINDOWS (daf54120fdbe29abe1caefac86b43676)] -> id: login-button]
2023-05-13 22:05:793 INFO  LoginPage :40 - Enter username standard_user to username field [[ChromeDriver: chrome on WINDOWS (ab88e3e62ecc1cd5d95a22e8e3f4ed9a)] -> id: user-name]
2023-05-13 22:05:928 INFO  LoginPage :45 - Enter password secret_sauce to password field [[ChromeDriver: chrome on WINDOWS (ab88e3e62ecc1cd5d95a22e8e3f4ed9a)] -> id: password]
2023-05-13 22:05:37 INFO  LoginPage :50 - Clicking on Login Button [[ChromeDriver: chrome on WINDOWS (ab88e3e62ecc1cd5d95a22e8e3f4ed9a)] -> id: login-button]
2023-05-13 22:05:184 INFO  LoginPage :61 - Get text from product title
2023-05-13 22:05:255 INFO  LoginPage :40 - Enter username standard_user to username field [[ChromeDriver: chrome on WINDOWS (4d03008886b4d1799547cb29444303aa)] -> id: user-name]
2023-05-13 22:05:438 INFO  LoginPage :45 - Enter password secret_sauce to password field [[ChromeDriver: chrome on WINDOWS (4d03008886b4d1799547cb29444303aa)] -> id: password]
2023-05-13 22:05:609 INFO  LoginPage :50 - Clicking on Login Button [[ChromeDriver: chrome on WINDOWS (4d03008886b4d1799547cb29444303aa)] -> id: login-button]
